<?xml version="1.0" encoding="UTF-8"?>
<!-- Generated by org.testng.reporters.JUnitXMLReporter -->
<testsuite ignored="7" hostname="DESKTOP-9UKUBFI" failures="0" tests="3" name="grouping" time="0.131" errors="0" timestamp="2024-02-02T10:34:35 IST">
  <testcase classname="day10.Grouping" name="Signup2" time="0.021"/>
  <testcase classname="day10.Grouping" name="Signup3" time="0.004"/>
  <testcase classname="day10.Grouping" name="ReturnBank" time="0.007"/>
  <testcase classname="day10.Grouping" name="Ruppes" time="0.0">
    <ignored/>
  </testcase> <!-- Ruppes -->
  <testcase classname="day10.Dataproviding" name="testLogin" time="0.0">
    <ignored/>
  </testcase> <!-- testLogin -->
  <testcase classname="day10.Grouping" name="Login1" time="0.0">
    <ignored/>
  </testcase> <!-- Login1 -->
  <testcase classname="day10.Grouping" name="Login2" time="0.0">
    <ignored/>
  </testcase> <!-- Login2 -->
  <testcase classname="day10.Grouping" name="Signup1" time="0.0">
    <ignored/>
  </testcase> <!-- Signup1 -->
  <testcase classname="day10.Grouping" name="Dollers" time="0.0">
    <ignored/>
  </testcase> <!-- Dollers -->
  <testcase classname="day10.Grouping" name="Login3" time="0.0">
    <ignored/>
  </testcase> <!-- Login3 -->
</testsuite> <!-- grouping -->
