<?xml version="1.0" encoding="UTF-8"?>
<testng-results ignored="0" total="2" passed="2" failed="0" skipped="0">
  <reporter-output>
  </reporter-output>
  <suite started-at="2024-02-03T21:49:10 IST" name="Default suite" finished-at="2024-02-03T21:49:31 IST" duration-ms="20227">
    <groups>
    </groups>
    <test started-at="2024-02-03T21:49:10 IST" name="Default test" finished-at="2024-02-03T21:49:31 IST" duration-ms="20227">
      <class name="pageObjectModel.Login">
        <test-method is-config="true" signature="setup()[pri:0, instance:pageObjectModel.Login@3f191845]" started-at="2024-02-03T21:49:11 IST" name="setup" finished-at="2024-02-03T21:49:28 IST" duration-ms="17863" status="PASS">
          <reporter-output>
          </reporter-output>
        </test-method> <!-- setup -->
        <test-method signature="testLogo()[pri:1, instance:pageObjectModel.Login@3f191845]" started-at="2024-02-03T21:49:28 IST" name="testLogo" finished-at="2024-02-03T21:49:29 IST" duration-ms="175" status="PASS">
          <reporter-output>
          </reporter-output>
        </test-method> <!-- testLogo -->
        <test-method signature="testLogin()[pri:2, instance:pageObjectModel.Login@3f191845]" started-at="2024-02-03T21:49:29 IST" name="testLogin" finished-at="2024-02-03T21:49:30 IST" duration-ms="1744" status="PASS">
          <reporter-output>
          </reporter-output>
        </test-method> <!-- testLogin -->
        <test-method is-config="true" signature="tearDown()[pri:0, instance:pageObjectModel.Login@3f191845]" started-at="2024-02-03T21:49:30 IST" name="tearDown" finished-at="2024-02-03T21:49:31 IST" duration-ms="326" status="PASS">
          <reporter-output>
          </reporter-output>
        </test-method> <!-- tearDown -->
      </class> <!-- pageObjectModel.Login -->
    </test> <!-- Default test -->
  </suite> <!-- Default suite -->
</testng-results>
